<?xml version="1.0" encoding="UTF-8"?>
<testsuite xmlns:xsi="http://www.w3.org/2001/XMLSchema-instance" xsi:noNamespaceSchemaLocation="https://maven.apache.org/surefire/maven-surefire-plugin/xsd/surefire-test-report-3.0.xsd" version="3.0" name="com.igorTeixeira.controle_sondas.ControleDeSondasApplicationTests" time="9.526" tests="1" errors="0" skipped="0" failures="0">
  <properties>
[...]
</properties>
  <testcase name="contextLoads" classname="com.igorTeixeira.controle_sondas.ControleDeSondasApplicationTests" time="0.74">
    <system-out><![CDATA[23:41:20.429 [main] INFO org.springframework.test.context.support.AnnotationConfigContextLoaderUtils -- Could not detect default configuration classes for test class [com.igorTeixeira.controle_sondas.ControleDeSondasApplicationTests]: ControleDeSondasApplicationTests does not declare any static, non-private, non-final, nested classes annotated with @Configuration.
23:41:20.617 [main] INFO org.springframework.boot.test.context.SpringBootTestContextBootstrapper -- Found @SpringBootConfiguration com.igorTeixeira.controle_sondas.ControleDeSondasApplication for test class com.igorTeixeira.controle_sondas.ControleDeSondasApplicationTests
23:41:20.890 [main] INFO org.springframework.boot.devtools.restart.RestartApplicationListener -- Restart disabled due to context in which it is running

  .   ____          _            __ _ _
 /\\ / ___'_ __ _ _(_)_ __  __ _ \ \ \ \
( ( )\___ | '_ | '_| | '_ \/ _` | \ \ \ \
 \\/  ___)| |_)| | | | | || (_| |  ) ) ) )
  '  |____| .__|_| |_|_| |_\__, | / / / /
 =========|_|==============|___/=/_/_/_/

 :: Spring Boot ::                (v3.3.3)

2024-09-09T23:41:21.242-03:00  INFO 17028 --- [controle de sondas] [           main] c.i.c.ControleDeSondasApplicationTests   : Starting ControleDeSondasApplicationTests using Java 17.0.10 with PID 17028 (started by NeNr0 in C:\workspace\controle-sondas)
2024-09-09T23:41:21.244-03:00  INFO 17028 --- [controle de sondas] [           main] c.i.c.ControleDeSondasApplicationTests   : No active profile set, falling back to 1 default profile: "default"
2024-09-09T23:41:22.642-03:00  INFO 17028 --- [controle de sondas] [           main] .s.d.r.c.RepositoryConfigurationDelegate : Bootstrapping Spring Data JPA repositories in DEFAULT mode.
2024-09-09T23:41:22.735-03:00  INFO 17028 --- [controle de sondas] [           main] .s.d.r.c.RepositoryConfigurationDelegate : Finished Spring Data repository scanning in 77 ms. Found 2 JPA repository interfaces.
2024-09-09T23:41:23.654-03:00  INFO 17028 --- [controle de sondas] [           main] o.hibernate.jpa.internal.util.LogHelper  : HHH000204: Processing PersistenceUnitInfo [name: default]
2024-09-09T23:41:23.785-03:00  INFO 17028 --- [controle de sondas] [           main] org.hibernate.Version                    : HHH000412: Hibernate ORM core version 6.5.2.Final
2024-09-09T23:41:23.851-03:00  INFO 17028 --- [controle de sondas] [           main] o.h.c.internal.RegionFactoryInitiator    : HHH000026: Second-level cache disabled
2024-09-09T23:41:24.393-03:00  INFO 17028 --- [controle de sondas] [           main] o.s.o.j.p.SpringPersistenceUnitInfo      : No LoadTimeWeaver setup: ignoring JPA class transformer
2024-09-09T23:41:24.435-03:00  INFO 17028 --- [controle de sondas] [           main] com.zaxxer.hikari.HikariDataSource       : HikariPool-1 - Starting...
2024-09-09T23:41:24.982-03:00  INFO 17028 --- [controle de sondas] [           main] com.zaxxer.hikari.pool.HikariPool        : HikariPool-1 - Added connection com.mysql.cj.jdbc.ConnectionImpl@48da64f2
2024-09-09T23:41:24.986-03:00  INFO 17028 --- [controle de sondas] [           main] com.zaxxer.hikari.HikariDataSource       : HikariPool-1 - Start completed.
2024-09-09T23:41:26.405-03:00  INFO 17028 --- [controle de sondas] [           main] o.h.e.t.j.p.i.JtaPlatformInitiator       : HHH000489: No JTA platform available (set 'hibernate.transaction.jta.platform' to enable JTA platform integration)
2024-09-09T23:41:26.515-03:00  INFO 17028 --- [controle de sondas] [           main] j.LocalContainerEntityManagerFactoryBean : Initialized JPA EntityManagerFactory for persistence unit 'default'
2024-09-09T23:41:27.384-03:00  WARN 17028 --- [controle de sondas] [           main] JpaBaseConfiguration$JpaWebConfiguration : spring.jpa.open-in-view is enabled by default. Therefore, database queries may be performed during view rendering. Explicitly configure spring.jpa.open-in-view to disable this warning
2024-09-09T23:41:28.746-03:00  INFO 17028 --- [controle de sondas] [           main] o.s.b.a.e.web.EndpointLinksResolver      : Exposing 1 endpoint beneath base path '/actuator'
2024-09-09T23:41:28.863-03:00  INFO 17028 --- [controle de sondas] [           main] c.i.c.ControleDeSondasApplicationTests   : Started ControleDeSondasApplicationTests in 7.988 seconds (process running for 9.421)
]]></system-out>
  </testcase>
</testsuite>